Warning: This is a nightly build of Foundry. It is recommended to use the latest stable version. Visit https://book.getfoundry.sh/announcements for more information. 
To mute this warning set `FOUNDRY_DISABLE_NIGHTLY_WARNING` in your environment. 

No files changed, compilation skipped

Ran 1 test for test/factories/erc404/ERC404Factory.t.sol:ERC404FactoryTest
[PASS] test_FactoryCreation() (gas: 15057)
Suite result: ok. 1 passed; 0 failed; 0 skipped; finished in 8.39ms (708.21µs CPU time)

Ran 1 test for test/integration/FullWorkflow.t.sol:FullWorkflowTest
[PASS] test_FullWorkflow() (gas: 306)
Suite result: ok. 1 passed; 0 failed; 0 skipped; finished in 8.39ms (923.40µs CPU time)

Ran 5 tests for test/integration/FullWorkflowIntegration.t.sol:FullWorkflowIntegrationTest
[FAIL: revert: Not implemented in Phase 1] test_FullWorkflow_ApplicationToFeaturedPromotion() (gas: 40075)
[FAIL: revert: Not implemented in Phase 1] test_FullWorkflow_DynamicPricing() (gas: 39933)
[FAIL: revert: Not implemented in Phase 1] test_FullWorkflow_MetadataValidation() (gas: 239348)
[FAIL: revert: Not implemented in Phase 1] test_FullWorkflow_MultipleFactoriesAndInstances() (gas: 40209)
[FAIL: revert: Not implemented in Phase 1] test_FullWorkflow_RejectedApplication() (gas: 40323)
Suite result: FAILED. 0 passed; 5 failed; 0 skipped; finished in 8.86ms (1.26ms CPU time)

Ran 9 tests for test/integration/Phase1_to_Phase2_Upgrade.t.sol:Phase1_to_Phase2_UpgradeTest
[PASS] test_Multiple_Module_Swaps() (gas: 916048)
[PASS] test_Phase1_SimpleBeneficiary_Workflow() (gas: 333881)
[PASS] test_Phase1_to_Phase2_Upgrade_SeamlessSwap() (gas: 320690)
[PASS] test_Phase2_DisableBeneficiary() (gas: 245540)
[PASS] test_Phase2_ReceivesAllNewTaxes() (gas: 405520)
[PASS] test_Phase2_SeesAllPhase1Data() (gas: 345139)
[PASS] test_RealWorldScenario_LaunchAndUpgrade() (gas: 409550)
[PASS] test_Rollback_Phase2_to_Phase1() (gas: 319318)
[PASS] test_VaultBytecodeUnchanged() (gas: 39429)
Suite result: ok. 9 passed; 0 failed; 0 skipped; finished in 9.45ms (3.77ms CPU time)

Ran 21 tests for test/vaults/UltraAlignmentVaultV1.t.sol:UltraAlignmentVaultV1Test
[PASS] test_AuthorizeHook() (gas: 198552)
[FAIL: EvmError: Revert] test_AuthorizeInstance() (gas: 42129)
[FAIL: EvmError: Revert] test_BeneficiaryModule_MultipleNotifications() (gas: 269392)
[PASS] test_BeneficiaryModule_ReceivesNotification() (gas: 251987)
[PASS] test_DisableBeneficiaryModule() (gas: 245213)
[PASS] test_GetRegisteredProjects() (gas: 252028)
[PASS] test_OnlyOwnerCanConfigure() (gas: 11738)
[PASS] test_ProjectContribution_Multiple() (gas: 253931)
[PASS] test_ProjectContribution_Tracking() (gas: 184846)
[PASS] test_ProjectPercentage_Calculation() (gas: 253418)
[FAIL: call didn't revert at a lower depth than cheatcode call depth] test_ReceiveERC1155Tithe_UnauthorizedInstance() (gas: 15583)
[FAIL: EvmError: Revert] test_ReceiveERC1155Tithe_ValidAmount() (gas: 15027)
[PASS] test_ReceiveERC404Tax_Multiple() (gas: 258018)
[PASS] test_ReceiveERC404Tax_UnauthorizedHook() (gas: 37510)
[PASS] test_ReceiveERC404Tax_ValidAmount() (gas: 175410)
[FAIL: EvmError: Revert] test_ReceiveFeesFromBothSources() (gas: 180760)
[PASS] test_ReplaceBeneficiaryModule() (gas: 488302)
[PASS] test_SetBeneficiaryModule() (gas: 38211)
[PASS] test_SetMinConversionThreshold() (gas: 13188)
[PASS] test_SetMinLiquidityThreshold() (gas: 13699)
[PASS] test_VaultWorksWhenBeneficiaryReverts() (gas: 309673)
Suite result: FAILED. 16 passed; 5 failed; 0 skipped; finished in 9.58ms (3.49ms CPU time)

Ran 7 tests for test/master/FactoryInstanceIndexing.t.sol:FactoryInstanceIndexingTest
[FAIL: revert: Not implemented in Phase 1] test_FactoryFeatures_Indexing() (gas: 40868)
[FAIL: revert: Not implemented in Phase 1] test_FactoryIndexing_MultipleFactories() (gas: 40033)
[FAIL: revert: Not implemented in Phase 1] test_FactoryInstance_Relationship() (gas: 40314)
[FAIL: revert: Not implemented in Phase 1] test_FactoryMetadata_Retrieval() (gas: 40911)
[FAIL: revert: Not implemented in Phase 1] test_InstanceMetadata_Retrieval() (gas: 40308)
[FAIL: revert: Not implemented in Phase 1] test_InstanceName_CaseInsensitive() (gas: 39983)
[FAIL: revert: Not implemented in Phase 1] test_InstanceRegistration_MultipleInstances() (gas: 40309)
Suite result: FAILED. 0 passed; 7 failed; 0 skipped; finished in 9.56ms (1.07ms CPU time)

Ran 21 tests for test/factories/erc1155/ERC1155Factory.t.sol:ERC1155FactoryTest
[FAIL: EvmError: Revert] test_AddEdition_LimitedDynamic() (gas: 50754)
[FAIL: EvmError: Revert] test_AddEdition_LimitedFixed() (gas: 50377)
[FAIL: EvmError: Revert] test_AddEdition_Unlimited() (gas: 50421)
[FAIL: EvmError: Revert] test_CalculateMintCost_Dynamic() (gas: 50528)
[FAIL: EvmError: Revert] test_CreateInstance() (gas: 50610)
[PASS] test_CreateInstance_InsufficientFee() (gas: 46441)
[FAIL: EvmError: Revert] test_EditionExists() (gas: 50901)
[PASS] test_FactoryCreation() (gas: 18293)
[FAIL: EvmError: Revert] test_GetAllEditionIds() (gas: 50886)
[FAIL: EvmError: Revert] test_GetEditionMetadata() (gas: 50148)
[FAIL: EvmError: Revert] test_GetEditionsBatch() (gas: 50047)
[FAIL: EvmError: Revert] test_GetInstanceMetadata() (gas: 50396)
[FAIL: EvmError: Revert] test_GetMessagesBatch() (gas: 55773)
[FAIL: EvmError: Revert] test_GetMintStats() (gas: 53286)
[FAIL: EvmError: Revert] test_GetPricingInfo() (gas: 50591)
[FAIL: EvmError: Revert] test_MintWithMessage() (gas: 53405)
[FAIL: EvmError: Revert] test_Mint_LimitedDynamic() (gas: 53342)
[FAIL: EvmError: Revert] test_Mint_LimitedFixed() (gas: 53130)
[FAIL: EvmError: Revert] test_Mint_Unlimited() (gas: 52764)
[FAIL: EvmError: Revert] test_UpdateEditionMetadata() (gas: 50242)
[FAIL: EvmError: Revert] test_Withdraw_Tax() (gas: 52845)
Suite result: FAILED. 2 passed; 19 failed; 0 skipped; finished in 9.59ms (1.72ms CPU time)

Ran 27 tests for test/master/VaultHookRegistry.t.sol:VaultHookRegistryTest
[FAIL: revert: Not implemented in Phase 1] test_DeactivateHook_NotOwner() (gas: 26371)
[FAIL: revert: Not implemented in Phase 1] test_DeactivateHook_Success() (gas: 27498)
[FAIL: revert: Not implemented in Phase 1] test_DeactivateVault_NotOwner() (gas: 26650)
[FAIL: revert: Not implemented in Phase 1] test_DeactivateVault_Success() (gas: 27179)
[FAIL: revert: Not implemented in Phase 1] test_GetHookList_Empty() (gas: 10412)
[FAIL: revert: Not implemented in Phase 1] test_GetHookList_Multiple() (gas: 27077)
[FAIL: revert: Not implemented in Phase 1] test_GetVaultList_Empty() (gas: 11845)
[FAIL: revert: Not implemented in Phase 1] test_GetVaultList_Multiple() (gas: 26471)
[FAIL: revert: Not implemented in Phase 1] test_HookDeactivated_Event() (gas: 27117)
[FAIL: revert: Not implemented in Phase 1] test_HookRegistered_Event() (gas: 26796)
[FAIL: revert: Not implemented in Phase 1] test_IsHookRegistered_NotRegistered() (gas: 13449)
[FAIL: revert: Not implemented in Phase 1] test_IsVaultRegistered_NotRegistered() (gas: 12906)
[FAIL: revert: Not implemented in Phase 1] test_RegisterHook_DifferentVaults() (gas: 27233)
[FAIL: revert: Not implemented in Phase 1] test_RegisterHook_InsufficientFee() (gas: 26771)
[FAIL: revert: Not implemented in Phase 1] test_RegisterHook_MultipleHooksPerVault() (gas: 26880)
[FAIL: revert: Not implemented in Phase 1] test_RegisterHook_Success() (gas: 26845)
[FAIL: Error != expected error: Not implemented in Phase 1 != Vault must be registered] test_RegisterHook_VaultNotRegistered() (gas: 29437)
[FAIL: revert: Not implemented in Phase 1] test_RegisterVault_Duplicate() (gas: 26648)
[FAIL: revert: Not implemented in Phase 1] test_RegisterVault_ExcessPaymentRefund() (gas: 27480)
[FAIL: Error != expected error: Not implemented in Phase 1 != Insufficient registration fee] test_RegisterVault_InsufficientFee() (gas: 27008)
[FAIL: Error != expected error: Not implemented in Phase 1 != Invalid vault address] test_RegisterVault_InvalidAddress() (gas: 24885)
[FAIL: Error != expected error: Not implemented in Phase 1 != Invalid metadata URI] test_RegisterVault_InvalidMetadataURI() (gas: 27105)
[FAIL: revert: Not implemented in Phase 1] test_RegisterVault_MultipleVaults() (gas: 29393)
[FAIL: Error != expected error: Not implemented in Phase 1 != Vault must be a contract] test_RegisterVault_NotAContract() (gas: 25307)
[FAIL: revert: Not implemented in Phase 1] test_RegisterVault_Success() (gas: 26930)
[FAIL: revert: Not implemented in Phase 1] test_VaultDeactivated_Event() (gas: 26622)
[FAIL: log != expected log] test_VaultRegistered_Event() (gas: 30516)
Suite result: FAILED. 0 passed; 27 failed; 0 skipped; finished in 9.58ms (3.35ms CPU time)

Ran 2 tests for test/master/MasterRegistry.t.sol:MasterRegistryTest
[FAIL: revert: Not implemented in Phase 1] test_ApplyForFactory() (gas: 34955)
[FAIL: assertion failed: 0x0000000000000000000000000000000000000123 != 0x7FA9385bE102ac3EAc297483Dd6233D62b3e1496] test_Initialization() (gas: 22914)
Suite result: FAILED. 0 passed; 2 failed; 0 skipped; finished in 9.60ms (1.98ms CPU time)

Ran 7 tests for test/factories/erc404/ERC404BondingInstance.t.sol:ERC404BondingInstanceTest
[PASS] test_CalculateCost() (gas: 21702)
[FAIL: assertion failed: 2500000000020 >= 2500000000020] test_CalculateRefund() (gas: 238930)
[PASS] test_Deployment() (gas: 14053)
[PASS] test_SetBondingActive() (gas: 62991)
[PASS] test_SetBondingOpenTime() (gas: 38806)
[PASS] test_SetBondingOpenTime_RevertIfNotOwner() (gas: 14065)
[PASS] test_UnlockTier() (gas: 41154)
Suite result: FAILED. 6 passed; 1 failed; 0 skipped; finished in 9.61ms (1.56ms CPU time)

Ran 10 test suites in 300.11ms (92.59ms CPU time): 35 tests passed, 66 failed, 0 skipped (101 total tests)

Failing tests:
Encountered 19 failing tests in test/factories/erc1155/ERC1155Factory.t.sol:ERC1155FactoryTest
[FAIL: EvmError: Revert] test_AddEdition_LimitedDynamic() (gas: 50754)
[FAIL: EvmError: Revert] test_AddEdition_LimitedFixed() (gas: 50377)
[FAIL: EvmError: Revert] test_AddEdition_Unlimited() (gas: 50421)
[FAIL: EvmError: Revert] test_CalculateMintCost_Dynamic() (gas: 50528)
[FAIL: EvmError: Revert] test_CreateInstance() (gas: 50610)
[FAIL: EvmError: Revert] test_EditionExists() (gas: 50901)
[FAIL: EvmError: Revert] test_GetAllEditionIds() (gas: 50886)
[FAIL: EvmError: Revert] test_GetEditionMetadata() (gas: 50148)
[FAIL: EvmError: Revert] test_GetEditionsBatch() (gas: 50047)
[FAIL: EvmError: Revert] test_GetInstanceMetadata() (gas: 50396)
[FAIL: EvmError: Revert] test_GetMessagesBatch() (gas: 55773)
[FAIL: EvmError: Revert] test_GetMintStats() (gas: 53286)
[FAIL: EvmError: Revert] test_GetPricingInfo() (gas: 50591)
[FAIL: EvmError: Revert] test_MintWithMessage() (gas: 53405)
[FAIL: EvmError: Revert] test_Mint_LimitedDynamic() (gas: 53342)
[FAIL: EvmError: Revert] test_Mint_LimitedFixed() (gas: 53130)
[FAIL: EvmError: Revert] test_Mint_Unlimited() (gas: 52764)
[FAIL: EvmError: Revert] test_UpdateEditionMetadata() (gas: 50242)
[FAIL: EvmError: Revert] test_Withdraw_Tax() (gas: 52845)

Encountered 1 failing test in test/factories/erc404/ERC404BondingInstance.t.sol:ERC404BondingInstanceTest
[FAIL: assertion failed: 2500000000020 >= 2500000000020] test_CalculateRefund() (gas: 238930)

Encountered 5 failing tests in test/integration/FullWorkflowIntegration.t.sol:FullWorkflowIntegrationTest
[FAIL: revert: Not implemented in Phase 1] test_FullWorkflow_ApplicationToFeaturedPromotion() (gas: 40075)
[FAIL: revert: Not implemented in Phase 1] test_FullWorkflow_DynamicPricing() (gas: 39933)
[FAIL: revert: Not implemented in Phase 1] test_FullWorkflow_MetadataValidation() (gas: 239348)
[FAIL: revert: Not implemented in Phase 1] test_FullWorkflow_MultipleFactoriesAndInstances() (gas: 40209)
[FAIL: revert: Not implemented in Phase 1] test_FullWorkflow_RejectedApplication() (gas: 40323)

Encountered 7 failing tests in test/master/FactoryInstanceIndexing.t.sol:FactoryInstanceIndexingTest
[FAIL: revert: Not implemented in Phase 1] test_FactoryFeatures_Indexing() (gas: 40868)
[FAIL: revert: Not implemented in Phase 1] test_FactoryIndexing_MultipleFactories() (gas: 40033)
[FAIL: revert: Not implemented in Phase 1] test_FactoryInstance_Relationship() (gas: 40314)
[FAIL: revert: Not implemented in Phase 1] test_FactoryMetadata_Retrieval() (gas: 40911)
[FAIL: revert: Not implemented in Phase 1] test_InstanceMetadata_Retrieval() (gas: 40308)
[FAIL: revert: Not implemented in Phase 1] test_InstanceName_CaseInsensitive() (gas: 39983)
[FAIL: revert: Not implemented in Phase 1] test_InstanceRegistration_MultipleInstances() (gas: 40309)

Encountered 2 failing tests in test/master/MasterRegistry.t.sol:MasterRegistryTest
[FAIL: revert: Not implemented in Phase 1] test_ApplyForFactory() (gas: 34955)
[FAIL: assertion failed: 0x0000000000000000000000000000000000000123 != 0x7FA9385bE102ac3EAc297483Dd6233D62b3e1496] test_Initialization() (gas: 22914)

Encountered 27 failing tests in test/master/VaultHookRegistry.t.sol:VaultHookRegistryTest
[FAIL: revert: Not implemented in Phase 1] test_DeactivateHook_NotOwner() (gas: 26371)
[FAIL: revert: Not implemented in Phase 1] test_DeactivateHook_Success() (gas: 27498)
[FAIL: revert: Not implemented in Phase 1] test_DeactivateVault_NotOwner() (gas: 26650)
[FAIL: revert: Not implemented in Phase 1] test_DeactivateVault_Success() (gas: 27179)
[FAIL: revert: Not implemented in Phase 1] test_GetHookList_Empty() (gas: 10412)
[FAIL: revert: Not implemented in Phase 1] test_GetHookList_Multiple() (gas: 27077)
[FAIL: revert: Not implemented in Phase 1] test_GetVaultList_Empty() (gas: 11845)
[FAIL: revert: Not implemented in Phase 1] test_GetVaultList_Multiple() (gas: 26471)
[FAIL: revert: Not implemented in Phase 1] test_HookDeactivated_Event() (gas: 27117)
[FAIL: revert: Not implemented in Phase 1] test_HookRegistered_Event() (gas: 26796)
[FAIL: revert: Not implemented in Phase 1] test_IsHookRegistered_NotRegistered() (gas: 13449)
[FAIL: revert: Not implemented in Phase 1] test_IsVaultRegistered_NotRegistered() (gas: 12906)
[FAIL: revert: Not implemented in Phase 1] test_RegisterHook_DifferentVaults() (gas: 27233)
[FAIL: revert: Not implemented in Phase 1] test_RegisterHook_InsufficientFee() (gas: 26771)
[FAIL: revert: Not implemented in Phase 1] test_RegisterHook_MultipleHooksPerVault() (gas: 26880)
[FAIL: revert: Not implemented in Phase 1] test_RegisterHook_Success() (gas: 26845)
[FAIL: Error != expected error: Not implemented in Phase 1 != Vault must be registered] test_RegisterHook_VaultNotRegistered() (gas: 29437)
[FAIL: revert: Not implemented in Phase 1] test_RegisterVault_Duplicate() (gas: 26648)
[FAIL: revert: Not implemented in Phase 1] test_RegisterVault_ExcessPaymentRefund() (gas: 27480)
[FAIL: Error != expected error: Not implemented in Phase 1 != Insufficient registration fee] test_RegisterVault_InsufficientFee() (gas: 27008)
[FAIL: Error != expected error: Not implemented in Phase 1 != Invalid vault address] test_RegisterVault_InvalidAddress() (gas: 24885)
[FAIL: Error != expected error: Not implemented in Phase 1 != Invalid metadata URI] test_RegisterVault_InvalidMetadataURI() (gas: 27105)
[FAIL: revert: Not implemented in Phase 1] test_RegisterVault_MultipleVaults() (gas: 29393)
[FAIL: Error != expected error: Not implemented in Phase 1 != Vault must be a contract] test_RegisterVault_NotAContract() (gas: 25307)
[FAIL: revert: Not implemented in Phase 1] test_RegisterVault_Success() (gas: 26930)
[FAIL: revert: Not implemented in Phase 1] test_VaultDeactivated_Event() (gas: 26622)
[FAIL: log != expected log] test_VaultRegistered_Event() (gas: 30516)

Encountered 5 failing tests in test/vaults/UltraAlignmentVaultV1.t.sol:UltraAlignmentVaultV1Test
[FAIL: EvmError: Revert] test_AuthorizeInstance() (gas: 42129)
[FAIL: EvmError: Revert] test_BeneficiaryModule_MultipleNotifications() (gas: 269392)
[FAIL: call didn't revert at a lower depth than cheatcode call depth] test_ReceiveERC1155Tithe_UnauthorizedInstance() (gas: 15583)
[FAIL: EvmError: Revert] test_ReceiveERC1155Tithe_ValidAmount() (gas: 15027)
[FAIL: EvmError: Revert] test_ReceiveFeesFromBothSources() (gas: 180760)

Encountered a total of 66 failing tests, 35 tests succeeded
